<?xml version="1.0" encoding="UTF-8"?>
<testsuite name="mavlc.testing.ErrorCompareTest" tests="8" skipped="0" failures="0" errors="0" timestamp="2023-12-16T15:14:02" hostname="DESKTOP-N34EP02" time="0.263">
  <properties/>
  <testcase name="test[p2_public/task_1/compound_err_2]" classname="mavlc.testing.ErrorCompareTest" time="0.043"/>
  <testcase name="test[p2_public/task_2/assign_err_1]" classname="mavlc.testing.ErrorCompareTest" time="0.03"/>
  <testcase name="test[p2_public/task_2/assign_err_2]" classname="mavlc.testing.ErrorCompareTest" time="0.026"/>
  <testcase name="test[p2_public/task_2/assign_err_5]" classname="mavlc.testing.ErrorCompareTest" time="0.023"/>
  <testcase name="test[p2_public/task_4/matrix_err_3]" classname="mavlc.testing.ErrorCompareTest" time="0.042"/>
  <testcase name="test[p2_public/task_4/matrix_err_4]" classname="mavlc.testing.ErrorCompareTest" time="0.04"/>
  <testcase name="test[p2_public/task_5/for_loop_err_3]" classname="mavlc.testing.ErrorCompareTest" time="0.027"/>
  <testcase name="test[p2_public/task_6/call_err_3]" classname="mavlc.testing.ErrorCompareTest" time="0.022"/>
  <system-out><![CDATA[=== Running test case p2_public/task_1/compound_err_2 ===


=== Test case p2_public/task_1/compound_err_2 finished successfully ===

=== Running test case p2_public/task_2/assign_err_1 ===


=== Test case p2_public/task_2/assign_err_1 finished successfully ===

=== Running test case p2_public/task_2/assign_err_2 ===


=== Test case p2_public/task_2/assign_err_2 finished successfully ===

=== Running test case p2_public/task_2/assign_err_5 ===


=== Test case p2_public/task_2/assign_err_5 finished successfully ===

=== Running test case p2_public/task_4/matrix_err_3 ===


=== Test case p2_public/task_4/matrix_err_3 finished successfully ===

=== Running test case p2_public/task_4/matrix_err_4 ===


=== Test case p2_public/task_4/matrix_err_4 finished successfully ===

=== Running test case p2_public/task_5/for_loop_err_3 ===


=== Test case p2_public/task_5/for_loop_err_3 finished successfully ===

=== Running test case p2_public/task_6/call_err_3 ===


=== Test case p2_public/task_6/call_err_3 finished successfully ===

]]></system-out>
  <system-err><![CDATA[]]></system-err>
</testsuite>
